<?xml version="1.0" encoding="UTF-8"?>
<coverage generated="1512325815">
  <project timestamp="1512325815">
    <package name="Code">
      <file name="/Users/NandoKstroNet/projects/learning/formacao_php_2/turma5/php-tests/src/Soma.php">
        <class name="Code\Soma" namespace="Code">
          <metrics complexity="3" methods="1" coveredmethods="1" conditionals="0" coveredconditionals="0" statements="4" coveredstatements="4" elements="5" coveredelements="5"/>
        </class>
        <line num="6" type="method" name="somar" visibility="public" complexity="3" crap="3" count="2"/>
        <line num="8" type="stmt" count="2"/>
        <line num="9" type="stmt" count="2"/>
        <line num="10" type="stmt" count="1"/>
        <line num="13" type="stmt" count="1"/>
        <metrics loc="14" ncloc="14" classes="1" methods="1" coveredmethods="1" conditionals="0" coveredconditionals="0" statements="4" coveredstatements="4" elements="5" coveredelements="5"/>
      </file>
      <file name="/Users/NandoKstroNet/projects/learning/formacao_php_2/turma5/php-tests/src/SomaService.php">
        <class name="Code\SomaService" namespace="Code">
          <metrics complexity="2" methods="2" coveredmethods="2" conditionals="0" coveredconditionals="0" statements="3" coveredstatements="3" elements="5" coveredelements="5"/>
        </class>
        <line num="8" type="method" name="__construct" visibility="public" complexity="1" crap="1" count="1"/>
        <line num="10" type="stmt" count="1"/>
        <line num="11" type="stmt" count="1"/>
        <line num="13" type="method" name="fazSoma" visibility="public" complexity="1" crap="1" count="1"/>
        <line num="15" type="stmt" count="1"/>
        <metrics loc="16" ncloc="16" classes="1" methods="2" coveredmethods="2" conditionals="0" coveredconditionals="0" statements="3" coveredstatements="3" elements="5" coveredelements="5"/>
      </file>
    </package>
    <metrics files="2" loc="30" ncloc="30" classes="2" methods="3" coveredmethods="3" conditionals="0" coveredconditionals="0" statements="7" coveredstatements="7" elements="10" coveredelements="10"/>
  </project>
</coverage>
